#
# There is insufficient memory for the Java Runtime Environment to continue.
# Native memory allocation (mmap) failed to map 536870912 bytes for Failed to commit area from 0x0000000601400000 to 0x0000000621400000 of length 536870912.
# Possible reasons:
#   The system is out of physical RAM or swap space
#   The process is running with CompressedOops enabled, and the Java Heap may be blocking the growth of the native heap
# Possible solutions:
#   Reduce memory load on the system
#   Increase physical memory or swap space
#   Check if swap backing store is full
#   Decrease Java heap size (-Xmx/-Xms)
#   Decrease number of Java threads
#   Decrease Java thread stack sizes (-Xss)
#   Set larger code cache with -XX:ReservedCodeCacheSize=
# This output file may be truncated or incomplete.
#
#  Out of Memory Error (t:/workspace/open/src/hotspot/os/windows/os_windows.cpp:3301), pid=97472, tid=103140
#
# JRE version:  (13.0.2+8) (build )
# Java VM: Java HotSpot(TM) 64-Bit Server VM (13.0.2+8, mixed mode, sharing, tiered, compressed oops, g1 gc, windows-amd64)
# No core dump will be written. Minidumps are not enabled by default on client versions of Windows
#

---------------  S U M M A R Y ------------

Command Line: -agentlib:jdwp=transport=dt_socket,suspend=y,address=localhost:60792 -javaagent:C:\Users\eshak\eclipse\java-2019-12\eclipse\configuration\org.eclipse.osgi\618\0\.cp\lib\javaagent-shaded.jar -Dfile.encoding=Cp1252 Tester214

Host: AMD Ryzen 7 3800X 8-Core Processor             , 16 cores, 31G,  Windows 10 , 64 bit Build 18362 (10.0.18362.959)
Time: Sun Sep  6 12:34:23 2020 Eastern Daylight Time elapsed time: 0 seconds (0d 0h 0m 0s)

---------------  T H R E A D  ---------------

Current thread (0x000001a3ed7de800):  JavaThread "Unknown thread" [_thread_in_vm, id=103140, stack(0x0000006991f00000,0x0000006992000000)]

Stack: [0x0000006991f00000,0x0000006992000000]
Native frames: (J=compiled Java code, j=interpreted, Vv=VM code, C=native code)
V  [jvm.dll+0x624f9a]
V  [jvm.dll+0x770cfa]
V  [jvm.dll+0x7724af]
V  [jvm.dll+0x772ab3]
V  [jvm.dll+0x24bf08]
V  [jvm.dll+0x6222aa]
V  [jvm.dll+0x6170b5]
V  [jvm.dll+0x30a88c]
V  [jvm.dll+0x30a6c2]
V  [jvm.dll+0x30fe36]
V  [jvm.dll+0x353f46]
V  [jvm.dll+0x353720]
V  [jvm.dll+0x2e550a]
V  [jvm.dll+0x2e67a2]
V  [jvm.dll+0x74dd78]
V  [jvm.dll+0x361989]
V  [jvm.dll+0x730e65]
V  [jvm.dll+0x3cc53f]
V  [jvm.dll+0x3ce861]
C  [jli.dll+0x51ff]
C  [ucrtbase.dll+0x20e82]
C  [KERNEL32.DLL+0x17bd4]
C  [ntdll.dll+0x6ce51]


---------------  P R O C E S S  ---------------

Threads class SMR info:
_java_thread_list=0x00007ffdec6fccb8, length=0, elements={
}

Java Threads: ( => current thread )

Other Threads:
  0x000001a3ed866000 GCTaskThread "GC Thread#0" [stack: 0x0000006992000000,0x0000006992100000] [id=67940]
  0x000001a3ed889000 ConcurrentGCThread "G1 Main Marker" [stack: 0x0000006992100000,0x0000006992200000] [id=94656]
  0x000001a3ed88a800 ConcurrentGCThread "G1 Conc#0" [stack: 0x0000006992200000,0x0000006992300000] [id=106072]

[error occurred during error reporting (printing all threads), id 0xc0000005, EXCEPTION_ACCESS_VIOLATION (0xc0000005) at pc=0x00007ffdebf351d7]

VM state:not at safepoint (not fully initialized)

VM Mutex/Monitor currently owned by a thread:  ([mutex/lock_event])
[0x000001a3ed7da310] Heap_lock - owner thread: 0x000001a3ed7de800

Heap address: 0x0000000601400000, size: 8172 MB, Compressed Oops mode: Non-zero based: 0x0000000601400000
Narrow klass base: 0x0000000000000000, Narrow klass shift: 0

GC Heap History (0 events):
No events

Deoptimization events (0 events):
No events

Classes unloaded (0 events):
No events

Classes redefined (0 events):
No events

Internal exceptions (0 events):
No events

Events (2 events):
Event: 0.005 Loaded shared library C:\Program Files\Java\jdk-13.0.2\bin\zip.dll
Event: 0.005 Loaded shared library C:\Program Files\Java\jdk-13.0.2\bin\jimage.dll


Dynamic libraries:
0x00007ff7963f0000 - 0x00007ff7963ff000 	C:\Program Files\Java\jdk-13.0.2\bin\javaw.exe
0x00007ffe5b760000 - 0x00007ffe5b950000 	C:\WINDOWS\SYSTEM32\ntdll.dll
0x00007ffe5a3e0000 - 0x00007ffe5a492000 	C:\WINDOWS\System32\KERNEL32.DLL
0x00007ffe59060000 - 0x00007ffe59304000 	C:\WINDOWS\System32\KERNELBASE.dll
0x00007ffe596b0000 - 0x00007ffe597aa000 	C:\WINDOWS\System32\ucrtbase.dll
0x00007ffe44ab0000 - 0x00007ffe44ac5000 	C:\Program Files\Java\jdk-13.0.2\bin\VCRUNTIME140.dll
0x00007ffe4d700000 - 0x00007ffe4d718000 	C:\Program Files\Java\jdk-13.0.2\bin\jli.dll
0x00007ffe5b590000 - 0x00007ffe5b633000 	C:\WINDOWS\System32\ADVAPI32.dll
0x00007ffe5aa80000 - 0x00007ffe5ab1e000 	C:\WINDOWS\System32\msvcrt.dll
0x00007ffe5b350000 - 0x00007ffe5b3e7000 	C:\WINDOWS\System32\sechost.dll
0x00007ffe59e00000 - 0x00007ffe59f20000 	C:\WINDOWS\System32\RPCRT4.dll
0x00007ffe59f50000 - 0x00007ffe5a0e5000 	C:\WINDOWS\System32\USER32.dll
0x00007ffe505f0000 - 0x00007ffe50874000 	C:\WINDOWS\WinSxS\amd64_microsoft.windows.common-controls_6595b64144ccf1df_6.0.18362.1016_none_9e7a36bbe461dae4\COMCTL32.dll
0x00007ffe59360000 - 0x00007ffe59381000 	C:\WINDOWS\System32\win32u.dll
0x00007ffe59ac0000 - 0x00007ffe59df5000 	C:\WINDOWS\System32\combase.dll
0x00007ffe5b640000 - 0x00007ffe5b666000 	C:\WINDOWS\System32\GDI32.dll
0x00007ffe58f40000 - 0x00007ffe58fc0000 	C:\WINDOWS\System32\bcryptPrimitives.dll
0x00007ffe594e0000 - 0x00007ffe59676000 	C:\WINDOWS\System32\gdi32full.dll
0x00007ffe58fc0000 - 0x00007ffe5905e000 	C:\WINDOWS\System32\msvcp_win.dll
0x00007ffe537a0000 - 0x00007ffe537aa000 	C:\WINDOWS\SYSTEM32\VERSION.dll
0x00007ffe59f20000 - 0x00007ffe59f4e000 	C:\WINDOWS\System32\IMM32.DLL
0x00007ffe23280000 - 0x00007ffe2331b000 	C:\Program Files\Java\jdk-13.0.2\bin\msvcp140.dll
0x00007ffdebc40000 - 0x00007ffdec79d000 	C:\Program Files\Java\jdk-13.0.2\bin\server\jvm.dll
0x00007ffe5a4b0000 - 0x00007ffe5a4b8000 	C:\WINDOWS\System32\PSAPI.DLL
0x00007ffe54740000 - 0x00007ffe54764000 	C:\WINDOWS\SYSTEM32\WINMM.dll
0x00007ffe542a0000 - 0x00007ffe542a9000 	C:\WINDOWS\SYSTEM32\WSOCK32.dll
0x00007ffe5a370000 - 0x00007ffe5a3df000 	C:\WINDOWS\System32\WS2_32.dll
0x00007ffe54710000 - 0x00007ffe5473d000 	C:\WINDOWS\SYSTEM32\WINMMBASE.dll
0x00007ffe59310000 - 0x00007ffe5935a000 	C:\WINDOWS\System32\cfgmgr32.dll
0x00007ffe58670000 - 0x00007ffe58681000 	C:\WINDOWS\System32\kernel.appcore.dll
0x00007ffe44c50000 - 0x00007ffe44c60000 	C:\Program Files\Java\jdk-13.0.2\bin\verify.dll
0x00007ffe44f70000 - 0x00007ffe45164000 	C:\WINDOWS\SYSTEM32\DBGHELP.DLL
0x00007ffe44c00000 - 0x00007ffe44c2a000 	C:\WINDOWS\SYSTEM32\dbgcore.DLL
0x00007ffe3aac0000 - 0x00007ffe3aae6000 	C:\Program Files\Java\jdk-13.0.2\bin\java.dll
0x00007ffe43dc0000 - 0x00007ffe43df8000 	C:\Program Files\Java\jdk-13.0.2\bin\jdwp.dll
0x00007ffe4d6f0000 - 0x00007ffe4d6fe000 	C:\Program Files\Java\jdk-13.0.2\bin\instrument.dll
0x00007ffe3e580000 - 0x00007ffe3e597000 	C:\Program Files\Java\jdk-13.0.2\bin\zip.dll
0x00007ffe44c30000 - 0x00007ffe44c3a000 	C:\Program Files\Java\jdk-13.0.2\bin\jimage.dll

dbghelp: loaded successfully - version: 4.0.5 - missing functions: none
symbol engine: initialized successfully - sym options: 0x614 - pdb path: .;C:\Program Files\Java\jdk-13.0.2\bin;C:\WINDOWS\SYSTEM32;C:\WINDOWS\WinSxS\amd64_microsoft.windows.common-controls_6595b64144ccf1df_6.0.18362.1016_none_9e7a36bbe461dae4;C:\Program Files\Java\jdk-13.0.2\bin\server

VM Arguments:
jvm_args: -agentlib:jdwp=transport=dt_socket,suspend=y,address=localhost:60792 -javaagent:C:\Users\eshak\eclipse\java-2019-12\eclipse\configuration\org.eclipse.osgi\618\0\.cp\lib\javaagent-shaded.jar -Dfile.encoding=Cp1252 
java_command: Tester214
java_class_path (initial): C:\Users\eshak\eclipse-workspace\CSE214\bin
Launcher Type: SUN_STANDARD

[Global flags]
     intx CICompilerCount                          = 12                                        {product} {ergonomic}
     uint ConcGCThreads                            = 3                                         {product} {ergonomic}
     uint G1ConcRefinementThreads                  = 13                                        {product} {ergonomic}
   size_t G1HeapRegionSize                         = 2097152                                   {product} {ergonomic}
    uintx GCDrainStackTargetSize                   = 64                                        {product} {ergonomic}
   size_t InitialHeapSize                          = 536870912                                 {product} {ergonomic}
   size_t MarkStackSize                            = 4194304                                   {product} {ergonomic}
   size_t MaxHeapSize                              = 8568963072                                {product} {ergonomic}
   size_t MinHeapDeltaBytes                        = 2097152                                   {product} {ergonomic}
   size_t MinHeapSize                              = 8388608                                   {product} {ergonomic}
    uintx NonNMethodCodeHeapSize                   = 7602480                                {pd product} {ergonomic}
    uintx NonProfiledCodeHeapSize                  = 122027880                              {pd product} {ergonomic}
    uintx ProfiledCodeHeapSize                     = 122027880                              {pd product} {ergonomic}
    uintx ReservedCodeCacheSize                    = 251658240                              {pd product} {ergonomic}
     bool SegmentedCodeCache                       = true                                      {product} {ergonomic}
   size_t SoftMaxHeapSize                          = 8568963072                             {manageable} {ergonomic}
     bool UseCompressedClassPointers               = true                                 {lp64_product} {ergonomic}
     bool UseCompressedOops                        = true                                 {lp64_product} {ergonomic}
     bool UseG1GC                                  = true                                      {product} {ergonomic}
     bool UseLargePagesIndividualAllocation        = false                                  {pd product} {ergonomic}

Logging:
Log output configuration:
 #0: stdout all=warning uptime,level,tags
 #1: stderr all=off uptime,level,tags

Environment Variables:
PATH=C:/Program Files/Java/jdk-13.0.2/bin/server;C:/Program Files/Java/jdk-13.0.2/bin;C:\Program Files (x86)\Razer\ChromaBroadcast\bin;C:\Program Files\Razer\ChromaBroadcast\bin;C:\Program Files (x86)\Razer Chroma SDK\bin;C:\Program Files\Razer Chroma SDK\bin;C:\Windows\system32;C:\Windows;C:\Windows\System32\Wbem;C:\Windows\System32\WindowsPowerShell\v1.0\;C:\Windows\System32\OpenSSH\;C:\Program Files\NVIDIA Corporation\NVIDIA NvDLISR;C:\Users\eshak\AppData\Local\Microsoft\WindowsApps;C:\Program Files (x86)\NVIDIA Corporation\PhysX\Common;C:\WINDOWS\system32;C:\WINDOWS;C:\WINDOWS\System32\Wbem;C:\WINDOWS\System32\WindowsPowerShell\v1.0\;C:\WINDOWS\System32\OpenSSH\;E:\eshak\Matlab\bin;C:\Program Files\dotnet\;C:\Users\eshak\AppData\Local\Microsoft\WindowsApps;;C:\Program Files\JetBrains\PyCharm Community Edition 2020.1.2\bin;;C:\Users\eshak\.dotnet\tools;C:\Users\eshak\eclipse\java-2019-12\eclipse;
USERNAME=eshak
OS=Windows_NT
PROCESSOR_IDENTIFIER=AMD64 Family 23 Model 113 Stepping 0, AuthenticAMD



---------------  S Y S T E M  ---------------

OS: Windows 10 , 64 bit Build 18362 (10.0.18362.959)

CPU:total 16 (initial active 16) (16 cores per cpu, 2 threads per core) family 23 model 113 stepping 0, cmov, cx8, fxsr, mmx, sse, sse2, sse3, ssse3, sse4.1, sse4.2, popcnt, avx, avx2, aes, clmul, mmxext, 3dnowpref, lzcnt, sse4a, ht, tsc, tscinvbit, tscinv, bmi1, bmi2, adx, sha, fma

Memory: 4k page, system-wide physical 32681M (16414M free)
TotalPageFile size 62413M (AvailPageFile size 274M)
current process WorkingSet (physical memory assigned to process): 10M, peak: 10M
current process commit charge ("private bytes"): 71M, peak: 583M

vm_info: Java HotSpot(TM) 64-Bit Server VM (13.0.2+8) for windows-amd64 JRE (13.0.2+8), built on Dec 11 2019 09:20:33 by "mach5one" with unknown MS VC++:1916

END.
