#
# There is insufficient memory for the Java Runtime Environment to continue.
# Native memory allocation (mmap) failed to map 249561088 bytes for Failed to commit area from 0x000000060a400000 to 0x0000000619200000 of length 249561088.
# Possible reasons:
#   The system is out of physical RAM or swap space
#   The process is running with CompressedOops enabled, and the Java Heap may be blocking the growth of the native heap
# Possible solutions:
#   Reduce memory load on the system
#   Increase physical memory or swap space
#   Check if swap backing store is full
#   Decrease Java heap size (-Xmx/-Xms)
#   Decrease number of Java threads
#   Decrease Java thread stack sizes (-Xss)
#   Set larger code cache with -XX:ReservedCodeCacheSize=
#   JVM is running with Zero Based Compressed Oops mode in which the Java heap is
#     placed in the first 32GB address space. The Java Heap base address is the
#     maximum limit for the native heap growth. Please use -XX:HeapBaseMinAddress
#     to set the Java Heap base and to place the Java Heap above 32GB virtual address.
# This output file may be truncated or incomplete.
#
#  Out of Memory Error (t:/workspace/open/src/hotspot/os/windows/os_windows.cpp:3301), pid=10900, tid=33568
#
# JRE version: Java(TM) SE Runtime Environment (13.0.2+8) (build 13.0.2+8)
# Java VM: Java HotSpot(TM) 64-Bit Server VM (13.0.2+8, mixed mode, sharing, tiered, compressed oops, g1 gc, windows-amd64)
# No core dump will be written. Minidumps are not enabled by default on client versions of Windows
#

---------------  S U M M A R Y ------------

Command Line: -agentlib:jdwp=transport=dt_socket,suspend=y,address=localhost:58943 -javaagent:C:\Users\eshak\eclipse\java-2019-12\eclipse\configuration\org.eclipse.osgi\618\0\.cp\lib\javaagent-shaded.jar -Dfile.encoding=Cp1252 hw4.Router

Host: AMD Ryzen 7 3800X 8-Core Processor             , 16 cores, 31G,  Windows 10 , 64 bit Build 18362 (10.0.18362.1082)
Time: Fri Oct  9 23:12:13 2020 Eastern Daylight Time elapsed time: 138 seconds (0d 0h 2m 18s)

---------------  T H R E A D  ---------------

Current thread (0x0000023718355000):  VMThread "VM Thread" [stack: 0x000000b4d0600000,0x000000b4d0700000] [id=33568]

Stack: [0x000000b4d0600000,0x000000b4d0700000]
[error occurred during error reporting (printing stack bounds), id 0xc0000005, EXCEPTION_ACCESS_VIOLATION (0xc0000005) at pc=0x00000237000010ad]

Native frames: (J=compiled Java code, j=interpreted, Vv=VM code, C=native code)
V  [jvm.dll+0x624f9a]
V  [jvm.dll+0x770cfa]
V  [jvm.dll+0x7724af]
V  [jvm.dll+0x772a15]
V  [jvm.dll+0x7729cb]
V  [jvm.dll+0x6244df]
C  [ntdll.dll+0x785b6]
C  [ntdll.dll+0x6a056]
C  [ntdll.dll+0x9fe3e]
C  0x00000237000010ad

VM_Operation (0x000000b4d00feb40): G1CollectForAllocation, mode: safepoint, requested by thread 0x0000023769bee000


---------------  P R O C E S S  ---------------

Threads class SMR info:
_java_thread_list=0x0000023718aa3cc0, length=13, elements={
0x0000023769bee000, 0x0000023718357000, 0x000002371835d800, 0x000002371837b000,
0x000002371837d000, 0x000002371837e000, 0x00000237183ea800, 0x00000237183eb800,
0x00000237184a0000, 0x0000023718555000, 0x0000023718558000, 0x000002371855b000,
0x0000023718ace800
}

Java Threads: ( => current thread )
  0x0000023769bee000 JavaThread "main" [_thread_blocked, id=18984, stack(0x000000b4d0000000,0x000000b4d0100000)]
  0x0000023718357000 JavaThread "Reference Handler" daemon [_thread_blocked, id=2184, stack(0x000000b4d0700000,0x000000b4d0800000)]
  0x000002371835d800 JavaThread "Finalizer" daemon [_thread_blocked, id=14108, stack(0x000000b4d0800000,0x000000b4d0900000)]
  0x000002371837b000 JavaThread "Signal Dispatcher" daemon [_thread_blocked, id=21020, stack(0x000000b4d0900000,0x000000b4d0a00000)]
  0x000002371837d000 JavaThread "Attach Listener" daemon [_thread_blocked, id=13820, stack(0x000000b4d0a00000,0x000000b4d0b00000)]
  0x000002371837e000 JavaThread "C2 CompilerThread0" daemon [_thread_blocked, id=2220, stack(0x000000b4d0b00000,0x000000b4d0c00000)]
  0x00000237183ea800 JavaThread "C1 CompilerThread0" daemon [_thread_blocked, id=30772, stack(0x000000b4d0c00000,0x000000b4d0d00000)]
  0x00000237183eb800 JavaThread "Sweeper thread" daemon [_thread_blocked, id=1128, stack(0x000000b4d0d00000,0x000000b4d0e00000)]
  0x00000237184a0000 JavaThread "Common-Cleaner" daemon [_thread_blocked, id=26876, stack(0x000000b4d0e00000,0x000000b4d0f00000)]
  0x0000023718555000 JavaThread "JDWP Transport Listener: dt_socket" daemon [_thread_blocked, id=23536, stack(0x000000b4d1200000,0x000000b4d1300000)]
  0x0000023718558000 JavaThread "JDWP Event Helper Thread" daemon [_thread_blocked, id=23144, stack(0x000000b4d1300000,0x000000b4d1400000)]
  0x000002371855b000 JavaThread "JDWP Command Reader" daemon [_thread_in_native, id=10588, stack(0x000000b4d1400000,0x000000b4d1500000)]
  0x0000023718ace800 JavaThread "Service Thread" daemon [_thread_blocked, id=8920, stack(0x000000b4d1100000,0x000000b4d1200000)]

Other Threads:
=>0x0000023718355000 VMThread "VM Thread" [stack: 0x000000b4d0600000,0x000000b4d0700000] [id=33568]
  0x0000023718aac800 WatcherThread [stack: 0x000000b4d1500000,0x000000b4d1600000] [id=14700]
  0x0000023769c75000 GCTaskThread "GC Thread#0" [stack: 0x000000b4d0100000,0x000000b4d0200000] [id=12756]
  0x0000023718e78800 GCTaskThread "GC Thread#1" [stack: 0x000000b4d1700000,0x000000b4d1800000] [id=32712]
  0x0000023718e7f800 GCTaskThread "GC Thread#2" [stack: 0x000000b4d1800000,0x000000b4d1900000] [id=30132]
  0x0000023718e7e000 GCTaskThread "GC Thread#3" [stack: 0x000000b4d1900000,0x000000b4d1a00000] [id=25748]
  0x0000023718e79000 GCTaskThread "GC Thread#4" [stack: 0x000000b4d1a00000,0x000000b4d1b00000] [id=2092]
  0x0000023718e7a000 GCTaskThread "GC Thread#5" [stack: 0x000000b4d1b00000,0x000000b4d1c00000] [id=33368]
  0x0000023718e7c000 GCTaskThread "GC Thread#6" [stack: 0x000000b4d1c00000,0x000000b4d1d00000] [id=19232]
  0x0000023718e7c800 GCTaskThread "GC Thread#7" [stack: 0x000000b4d1d00000,0x000000b4d1e00000] [id=14312]
  0x0000023718e7a800 GCTaskThread "GC Thread#8" [stack: 0x000000b4d1e00000,0x000000b4d1f00000] [id=33460]
  0x0000023718e7b000 GCTaskThread "GC Thread#9" [stack: 0x000000b4d1f00000,0x000000b4d2000000] [id=29712]
  0x0000023718e7d800 GCTaskThread "GC Thread#10" [stack: 0x000000b4d2000000,0x000000b4d2100000] [id=10784]
  0x0000023718e7e800 GCTaskThread "GC Thread#11" [stack: 0x000000b4d2100000,0x000000b4d2200000] [id=29648]
  0x0000023718524800 GCTaskThread "GC Thread#12" [stack: 0x000000b4cfe00000,0x000000b4cff00000] [id=32980]
  0x0000023769c96800 ConcurrentGCThread "G1 Main Marker" [stack: 0x000000b4d0200000,0x000000b4d0300000] [id=11144]
  0x0000023769c98800 ConcurrentGCThread "G1 Conc#0" [stack: 0x000000b4d0300000,0x000000b4d0400000] [id=8304]
  0x0000023718529800 ConcurrentGCThread "G1 Conc#1" [stack: 0x000000b4cff00000,0x000000b4d0000000] [id=26428]
  0x0000023718526000 ConcurrentGCThread "G1 Conc#2" [stack: 0x000000b4d1600000,0x000000b4d1700000] [id=3452]
  0x000002371758f000 ConcurrentGCThread "G1 Refine#0" [stack: 0x000000b4d0400000,0x000000b4d0500000] [id=30108]
  0x0000023717590000 ConcurrentGCThread "G1 Young RemSet Sampling" [stack: 0x000000b4d0500000,0x000000b4d0600000] [id=12584]

Threads with active compile tasks:

VM state:at safepoint (normal execution)

VM Mutex/Monitor currently owned by a thread:  ([mutex/lock_event])
[0x0000023769be7d70] Threads_lock - owner thread: 0x0000023718355000
[0x0000023769be89d0] Heap_lock - owner thread: 0x0000023769bee000

Heap address: 0x0000000601400000, size: 8172 MB, Compressed Oops mode: Zero based, Oop shift amount: 3
Narrow klass base: 0x0000000800000000, Narrow klass shift: 3
Compressed class space size: 1073741824 Address: 0x0000000800b40000

Heap:
 garbage-first heap   total 393216K, used 3390K [0x0000000601400000, 0x0000000800000000)
  region size 2048K, 1 young (2048K), 1 survivors (2048K)
 Metaspace       used 2836K, capacity 4923K, committed 5120K, reserved 1056768K
  class space    used 255K, capacity 447K, committed 512K, reserved 1048576K
Heap Regions: E=young(eden), S=young(survivor), O=old, HS=humongous(starts), HC=humongous(continues), CS=collection set, F=free, A=archive, TAMS=top-at-mark-start (previous, next)
|   0|0x0000000601400000, 0x000000060154de00, 0x0000000601600000| 65%| O|  |TAMS 0x000000060154de00, 0x000000060154de00| Untracked 
|   1|0x0000000601600000, 0x0000000601600000, 0x0000000601800000|  0%| F|  |TAMS 0x0000000601600000, 0x0000000601600000| Untracked 
|   2|0x0000000601800000, 0x0000000601800000, 0x0000000601a00000|  0%| F|  |TAMS 0x0000000601800000, 0x0000000601800000| Untracked 
|   3|0x0000000601a00000, 0x0000000601a00000, 0x0000000601c00000|  0%| F|  |TAMS 0x0000000601a00000, 0x0000000601a00000| Untracked 
|   4|0x0000000601c00000, 0x0000000601c00000, 0x0000000601e00000|  0%| F|  |TAMS 0x0000000601c00000, 0x0000000601c00000| Untracked 
|   5|0x0000000601e00000, 0x0000000601e00000, 0x0000000602000000|  0%| F|  |TAMS 0x0000000601e00000, 0x0000000601e00000| Untracked 
|   6|0x0000000602000000, 0x0000000602000000, 0x0000000602200000|  0%| F|  |TAMS 0x0000000602000000, 0x0000000602000000| Untracked 
|   7|0x0000000602200000, 0x0000000602200000, 0x0000000602400000|  0%| F|  |TAMS 0x0000000602200000, 0x0000000602200000| Untracked 
|   8|0x0000000602400000, 0x0000000602400000, 0x0000000602600000|  0%| F|  |TAMS 0x0000000602400000, 0x0000000602400000| Untracked 
|   9|0x0000000602600000, 0x0000000602600000, 0x0000000602800000|  0%| F|  |TAMS 0x0000000602600000, 0x0000000602600000| Untracked 
|  10|0x0000000602800000, 0x0000000602800000, 0x0000000602a00000|  0%| F|  |TAMS 0x0000000602800000, 0x0000000602800000| Untracked 
|  11|0x0000000602a00000, 0x0000000602a00000, 0x0000000602c00000|  0%| F|  |TAMS 0x0000000602a00000, 0x0000000602a00000| Untracked 
|  12|0x0000000602c00000, 0x0000000602c00000, 0x0000000602e00000|  0%| F|  |TAMS 0x0000000602c00000, 0x0000000602c00000| Untracked 
|  13|0x0000000602e00000, 0x0000000602e00000, 0x0000000603000000|  0%| F|  |TAMS 0x0000000602e00000, 0x0000000602e00000| Untracked 
|  14|0x0000000603000000, 0x0000000603000000, 0x0000000603200000|  0%| F|  |TAMS 0x0000000603000000, 0x0000000603000000| Untracked 
|  15|0x0000000603200000, 0x0000000603200000, 0x0000000603400000|  0%| F|  |TAMS 0x0000000603200000, 0x0000000603200000| Untracked 
|  16|0x0000000603400000, 0x0000000603400000, 0x0000000603600000|  0%| F|  |TAMS 0x0000000603400000, 0x0000000603400000| Untracked 
|  17|0x0000000603600000, 0x0000000603600000, 0x0000000603800000|  0%| F|  |TAMS 0x0000000603600000, 0x0000000603600000| Untracked 
|  18|0x0000000603800000, 0x0000000603801200, 0x0000000603a00000|  0%| O|  |TAMS 0x0000000603801200, 0x0000000603801200| Untracked 
|  19|0x0000000603a00000, 0x0000000603a00000, 0x0000000603c00000|  0%| F|  |TAMS 0x0000000603a00000, 0x0000000603a00000| Untracked 
|  20|0x0000000603c00000, 0x0000000603c00000, 0x0000000603e00000|  0%| F|  |TAMS 0x0000000603c00000, 0x0000000603c00000| Untracked 
|  21|0x0000000603e00000, 0x0000000603e00000, 0x0000000604000000|  0%| F|  |TAMS 0x0000000603e00000, 0x0000000603e00000| Untracked 
|  22|0x0000000604000000, 0x0000000604000000, 0x0000000604200000|  0%| F|  |TAMS 0x0000000604000000, 0x0000000604000000| Untracked 
|  23|0x0000000604200000, 0x0000000604200000, 0x0000000604400000|  0%| F|  |TAMS 0x0000000604200000, 0x0000000604200000| Untracked 
|  24|0x0000000604400000, 0x0000000604400000, 0x0000000604600000|  0%| F|  |TAMS 0x0000000604400000, 0x0000000604400000| Untracked 
|  25|0x0000000604600000, 0x0000000604600000, 0x0000000604800000|  0%| F|  |TAMS 0x0000000604600000, 0x0000000604600000| Untracked 
|  26|0x0000000604800000, 0x0000000604800000, 0x0000000604a00000|  0%| F|  |TAMS 0x0000000604800000, 0x0000000604800000| Untracked 
|  27|0x0000000604a00000, 0x0000000604c00000, 0x0000000604c00000|100%|HS|  |TAMS 0x0000000604a00000, 0x0000000604c00000| Complete 
|  28|0x0000000604c00000, 0x0000000604c00000, 0x0000000604e00000|  0%| F|  |TAMS 0x0000000604c00000, 0x0000000604c00000| Untracked 
|  29|0x0000000604e00000, 0x0000000604e00000, 0x0000000605000000|  0%| F|  |TAMS 0x0000000604e00000, 0x0000000604e00000| Untracked 
|  30|0x0000000605000000, 0x0000000605000000, 0x0000000605200000|  0%| F|  |TAMS 0x0000000605000000, 0x0000000605000000| Untracked 
|  31|0x0000000605200000, 0x0000000605200000, 0x0000000605400000|  0%| F|  |TAMS 0x0000000605200000, 0x0000000605200000| Untracked 
|  32|0x0000000605400000, 0x0000000605400000, 0x0000000605600000|  0%| F|  |TAMS 0x0000000605400000, 0x0000000605400000| Untracked 
|  33|0x0000000605600000, 0x0000000605600000, 0x0000000605800000|  0%| F|  |TAMS 0x0000000605600000, 0x0000000605600000| Untracked 
|  34|0x0000000605800000, 0x0000000605800000, 0x0000000605a00000|  0%| F|  |TAMS 0x0000000605800000, 0x0000000605800000| Untracked 
|  35|0x0000000605a00000, 0x0000000605a00000, 0x0000000605c00000|  0%| F|  |TAMS 0x0000000605a00000, 0x0000000605a00000| Untracked 
|  36|0x0000000605c00000, 0x0000000605c00000, 0x0000000605e00000|  0%| F|  |TAMS 0x0000000605c00000, 0x0000000605c00000| Untracked 
|  37|0x0000000605e00000, 0x0000000605e00000, 0x0000000606000000|  0%| F|  |TAMS 0x0000000605e00000, 0x0000000605e00000| Untracked 
|  38|0x0000000606000000, 0x0000000606000000, 0x0000000606200000|  0%| F|  |TAMS 0x0000000606000000, 0x0000000606000000| Untracked 
|  39|0x0000000606200000, 0x0000000606200000, 0x0000000606400000|  0%| F|  |TAMS 0x0000000606200000, 0x0000000606200000| Untracked 
|  40|0x0000000606400000, 0x0000000606400000, 0x0000000606600000|  0%| F|  |TAMS 0x0000000606400000, 0x0000000606400000| Untracked 
|  41|0x0000000606600000, 0x0000000606600000, 0x0000000606800000|  0%| F|  |TAMS 0x0000000606600000, 0x0000000606600000| Untracked 
|  42|0x0000000606800000, 0x0000000606800000, 0x0000000606a00000|  0%| F|  |TAMS 0x0000000606800000, 0x0000000606800000| Untracked 
|  43|0x0000000606a00000, 0x0000000606a00000, 0x0000000606c00000|  0%| F|  |TAMS 0x0000000606a00000, 0x0000000606a00000| Untracked 
|  44|0x0000000606c00000, 0x0000000606c00000, 0x0000000606e00000|  0%| F|  |TAMS 0x0000000606c00000, 0x0000000606c00000| Untracked 
|  45|0x0000000606e00000, 0x0000000606e00000, 0x0000000607000000|  0%| F|  |TAMS 0x0000000606e00000, 0x0000000606e00000| Untracked 
|  46|0x0000000607000000, 0x0000000607000000, 0x0000000607200000|  0%| F|  |TAMS 0x0000000607000000, 0x0000000607000000| Untracked 
|  47|0x0000000607200000, 0x0000000607200000, 0x0000000607400000|  0%| F|  |TAMS 0x0000000607200000, 0x0000000607200000| Untracked 
|  48|0x0000000607400000, 0x0000000607400000, 0x0000000607600000|  0%| F|  |TAMS 0x0000000607400000, 0x0000000607400000| Untracked 
|  49|0x0000000607600000, 0x0000000607600000, 0x0000000607800000|  0%| F|  |TAMS 0x0000000607600000, 0x0000000607600000| Untracked 
|  50|0x0000000607800000, 0x0000000607800000, 0x0000000607a00000|  0%| F|  |TAMS 0x0000000607800000, 0x0000000607800000| Untracked 
|  51|0x0000000607a00000, 0x0000000607a00000, 0x0000000607c00000|  0%| F|  |TAMS 0x0000000607a00000, 0x0000000607a00000| Untracked 
|  52|0x0000000607c00000, 0x0000000607c00000, 0x0000000607e00000|  0%| F|  |TAMS 0x0000000607c00000, 0x0000000607c00000| Untracked 
|  53|0x0000000607e00000, 0x0000000607e00000, 0x0000000608000000|  0%| F|  |TAMS 0x0000000607e00000, 0x0000000607e00000| Untracked 
|  54|0x0000000608000000, 0x0000000608000000, 0x0000000608200000|  0%| F|  |TAMS 0x0000000608000000, 0x0000000608000000| Untracked 
|  55|0x0000000608200000, 0x0000000608200000, 0x0000000608400000|  0%| F|  |TAMS 0x0000000608200000, 0x0000000608200000| Untracked 
|  56|0x0000000608400000, 0x0000000608400000, 0x0000000608600000|  0%| F|  |TAMS 0x0000000608400000, 0x0000000608400000| Untracked 
|  57|0x0000000608600000, 0x0000000608600000, 0x0000000608800000|  0%| F|  |TAMS 0x0000000608600000, 0x0000000608600000| Untracked 
|  58|0x0000000608800000, 0x0000000608800000, 0x0000000608a00000|  0%| F|  |TAMS 0x0000000608800000, 0x0000000608800000| Untracked 
|  59|0x0000000608a00000, 0x0000000608a00000, 0x0000000608c00000|  0%| F|  |TAMS 0x0000000608a00000, 0x0000000608a00000| Untracked 
|  60|0x0000000608c00000, 0x0000000608c00000, 0x0000000608e00000|  0%| F|  |TAMS 0x0000000608c00000, 0x0000000608c00000| Untracked 
|  61|0x0000000608e00000, 0x0000000608e00810, 0x0000000609000000|  0%| S|CS|TAMS 0x0000000608e00000, 0x0000000608e00000| Complete 
|  62|0x0000000609000000, 0x0000000609000000, 0x0000000609200000|  0%| F|  |TAMS 0x0000000609000000, 0x0000000609000000| Untracked 
|  63|0x0000000609200000, 0x0000000609200000, 0x0000000609400000|  0%| F|  |TAMS 0x0000000609200000, 0x0000000609200000| Untracked 
|  64|0x0000000609400000, 0x0000000609400000, 0x0000000609600000|  0%| F|  |TAMS 0x0000000609400000, 0x0000000609400000| Untracked 
|  65|0x0000000609600000, 0x0000000609600000, 0x0000000609800000|  0%| F|  |TAMS 0x0000000609600000, 0x0000000609600000| Untracked 
|  66|0x0000000609800000, 0x0000000609800000, 0x0000000609a00000|  0%| F|  |TAMS 0x0000000609800000, 0x0000000609800000| Untracked 
|  67|0x0000000609a00000, 0x0000000609a00000, 0x0000000609c00000|  0%| F|  |TAMS 0x0000000609a00000, 0x0000000609a00000| Untracked 
|  68|0x0000000609c00000, 0x0000000609c00000, 0x0000000609e00000|  0%| F|  |TAMS 0x0000000609c00000, 0x0000000609c00000| Untracked 
|  69|0x0000000609e00000, 0x0000000609e00000, 0x000000060a000000|  0%| F|  |TAMS 0x0000000609e00000, 0x0000000609e00000| Untracked 
|  70|0x000000060a000000, 0x000000060a000000, 0x000000060a200000|  0%| F|  |TAMS 0x000000060a000000, 0x000000060a000000| Untracked 
|  71|0x000000060a200000, 0x000000060a200000, 0x000000060a400000|  0%| F|  |TAMS 0x000000060a200000, 0x000000060a200000| Untracked 
|4084|0x00000007ffc00000, 0x00000007ffc00000, 0x00000007ffe00000|  0%| F|  |TAMS 0x00000007ffc00000, 0x00000007ffc00000| Untracked 

Card table byte_map: [0x0000023773970000,0x0000023774970000] _byte_map_base: 0x0000023770966000

Marking Bits (Prev, Next): (CMBitMap*) 0x0000023769c760b8, (CMBitMap*) 0x0000023769c760f8
 Prev Bits: [0x0000023775970000, 0x000002377d920000)
 Next Bits: [0x000002370f000000, 0x0000023716fb0000)

Polling page: 0x00000237679c0000

Metaspace:

Usage:
  Non-class:      4.37 MB capacity,     2.52 MB ( 58%) used,     1.85 MB ( 42%) free+waste,     3.38 KB ( <1%) overhead. 
      Class:    447.00 KB capacity,   255.55 KB ( 57%) used,   189.63 KB ( 42%) free+waste,     1.81 KB ( <1%) overhead. 
       Both:      4.81 MB capacity,     2.77 MB ( 58%) used,     2.03 MB ( 42%) free+waste,     5.19 KB ( <1%) overhead. 

Virtual space:
  Non-class space:        8.00 MB reserved,       4.50 MB ( 56%) committed 
      Class space:        1.00 GB reserved,     512.00 KB ( <1%) committed 
             Both:        1.01 GB reserved,       5.00 MB ( <1%) committed 

Chunk freelists:
   Non-Class:  4.00 KB
       Class:  1.00 KB
        Both:  5.00 KB

MaxMetaspaceSize: 17179869184.00 GB
CompressedClassSpaceSize: 1.00 GB

CodeHeap 'non-profiled nmethods': size=119168Kb used=406Kb max_used=406Kb free=118762Kb
 bounds [0x0000023707ba0000, 0x0000023707e10000, 0x000002370f000000]
CodeHeap 'profiled nmethods': size=119104Kb used=920Kb max_used=920Kb free=118183Kb
 bounds [0x0000023700750000, 0x00000237009c0000, 0x0000023707ba0000]
CodeHeap 'non-nmethods': size=7488Kb used=1215Kb max_used=2980Kb free=6272Kb
 bounds [0x0000023700000000, 0x00000237002f0000, 0x0000023700750000]
 total_blobs=1441 nmethods=588 adapters=287
 compilation: enabled
              stopped_count=0, restarted_count=0
 full_count=0

Compilation events (20 events):
Event: 68.028 Thread 0x00000237183ea800  581 %     3       hw4.Router::toString @ 57 (139 bytes)
Event: 68.035 Thread 0x00000237183ea800 nmethod 581% 0x000002370082a690 code [0x000002370082ab80, 0x000002370082d230]
Event: 69.844 Thread 0x00000237183ea800  582       3       hw4.Router::toString (139 bytes)
Event: 69.853 Thread 0x00000237183ea800 nmethod 582 0x000002370082df10 code [0x000002370082e400, 0x00000237008309f0]
Event: 115.724 Thread 0x00000237183ea800  583       3       org.eclipse.jdt.launching.internal.org.objectweb.asm.Symbol::<init> (38 bytes)
Event: 115.725 Thread 0x00000237183ea800 nmethod 583 0x0000023700831690 code [0x0000023700831840, 0x0000023700831b58]
Event: 115.725 Thread 0x00000237183ea800  584       3       org.eclipse.jdt.launching.internal.org.objectweb.asm.SymbolTable::put (150 bytes)
Event: 115.725 Thread 0x00000237183ea800 nmethod 584 0x0000023700831c90 code [0x0000023700831e80, 0x0000023700832818]
Event: 115.726 Thread 0x00000237183ea800  585       3       org.eclipse.jdt.launching.internal.org.objectweb.asm.ClassReader::readUtf (161 bytes)
Event: 115.726 Thread 0x00000237183ea800 nmethod 585 0x0000023700832b10 code [0x0000023700832d20, 0x00000237008333a0]
Event: 115.726 Thread 0x00000237183ea800  586       3       org.eclipse.jdt.launching.internal.org.objectweb.asm.ByteVector::putUTF8 (144 bytes)
Event: 115.739 Thread 0x00000237183ea800 nmethod 586 0x0000023700833790 code [0x0000023700833a20, 0x00000237008345d0]
Event: 115.739 Thread 0x00000237183ea800  587       3       org.eclipse.jdt.launching.internal.org.objectweb.asm.ClassReader::createDebugLabel (23 bytes)
Event: 115.741 Thread 0x00000237183ea800 nmethod 587 0x0000023700834b90 code [0x0000023700834d60, 0x0000023700835318]
Event: 115.741 Thread 0x00000237183ea800  588       3       org.eclipse.jdt.launching.internal.org.objectweb.asm.ByteVector::put12 (64 bytes)
Event: 115.742 Thread 0x00000237183ea800 nmethod 588 0x0000023700835510 code [0x00000237008356c0, 0x0000023700835990]
Event: 115.742 Thread 0x00000237183ea800  589       3       org.eclipse.jdt.launching.internal.org.objectweb.asm.ClassReader::readInt (52 bytes)
Event: 115.742 Thread 0x00000237183ea800 nmethod 589 0x0000023700835b10 code [0x0000023700835cc0, 0x0000023700835f18]
Event: 116.015 Thread 0x00000237183ea800  590       1       hw4.RouterNode::getData (5 bytes)
Event: 116.017 Thread 0x00000237183ea800 nmethod 590 0x0000023707c05490 code [0x0000023707c05620, 0x0000023707c05758]

GC Heap History (20 events):
Event: 137.979 GC heap after
{Heap after GC invocations=2023 (full 0):
 garbage-first heap   total 122880K, used 3390K [0x0000000601400000, 0x0000000800000000)
  region size 2048K, 1 young (2048K), 1 survivors (2048K)
 Metaspace       used 2836K, capacity 4923K, committed 5120K, reserved 1056768K
  class space    used 255K, capacity 447K, committed 512K, reserved 1048576K
}
Event: 137.988 GC heap before
{Heap before GC invocations=2024 (full 0):
 garbage-first heap   total 122880K, used 52542K [0x0000000601400000, 0x0000000800000000)
  region size 2048K, 2 young (4096K), 1 survivors (2048K)
 Metaspace       used 2836K, capacity 4923K, committed 5120K, reserved 1056768K
  class space    used 255K, capacity 447K, committed 512K, reserved 1048576K
}
Event: 137.989 GC heap after
{Heap after GC invocations=2025 (full 0):
 garbage-first heap   total 122880K, used 3390K [0x0000000601400000, 0x0000000800000000)
  region size 2048K, 1 young (2048K), 1 survivors (2048K)
 Metaspace       used 2836K, capacity 4923K, committed 5120K, reserved 1056768K
  class space    used 255K, capacity 447K, committed 512K, reserved 1048576K
}
Event: 137.997 GC heap before
{Heap before GC invocations=2026 (full 0):
 garbage-first heap   total 116736K, used 50494K [0x0000000601400000, 0x0000000800000000)
  region size 2048K, 2 young (4096K), 1 survivors (2048K)
 Metaspace       used 2836K, capacity 4923K, committed 5120K, reserved 1056768K
  class space    used 255K, capacity 447K, committed 512K, reserved 1048576K
}
Event: 138.028 GC heap after
{Heap after GC invocations=2027 (full 0):
 garbage-first heap   total 321536K, used 5438K [0x0000000601400000, 0x0000000800000000)
  region size 2048K, 1 young (2048K), 1 survivors (2048K)
 Metaspace       used 2836K, capacity 4923K, committed 5120K, reserved 1056768K
  class space    used 255K, capacity 447K, committed 512K, reserved 1048576K
}
Event: 138.036 GC heap before
{Heap before GC invocations=2028 (full 0):
 garbage-first heap   total 172032K, used 75070K [0x0000000601400000, 0x0000000800000000)
  region size 2048K, 2 young (4096K), 1 survivors (2048K)
 Metaspace       used 2836K, capacity 4923K, committed 5120K, reserved 1056768K
  class space    used 255K, capacity 447K, committed 512K, reserved 1048576K
}
Event: 138.036 GC heap after
{Heap after GC invocations=2029 (full 0):
 garbage-first heap   total 172032K, used 5438K [0x0000000601400000, 0x0000000800000000)
  region size 2048K, 1 young (2048K), 1 survivors (2048K)
 Metaspace       used 2836K, capacity 4923K, committed 5120K, reserved 1056768K
  class space    used 255K, capacity 447K, committed 512K, reserved 1048576K
}
Event: 138.045 GC heap before
{Heap before GC invocations=2030 (full 0):
 garbage-first heap   total 157696K, used 68926K [0x0000000601400000, 0x0000000800000000)
  region size 2048K, 2 young (4096K), 1 survivors (2048K)
 Metaspace       used 2836K, capacity 4923K, committed 5120K, reserved 1056768K
  class space    used 255K, capacity 447K, committed 512K, reserved 1048576K
}
Event: 138.046 GC heap after
{Heap after GC invocations=2031 (full 0):
 garbage-first heap   total 157696K, used 3390K [0x0000000601400000, 0x0000000800000000)
  region size 2048K, 1 young (2048K), 1 survivors (2048K)
 Metaspace       used 2836K, capacity 4923K, committed 5120K, reserved 1056768K
  class space    used 255K, capacity 447K, committed 512K, reserved 1048576K
}
Event: 138.056 GC heap before
{Heap before GC invocations=2032 (full 0):
 garbage-first heap   total 110592K, used 46398K [0x0000000601400000, 0x0000000800000000)
  region size 2048K, 2 young (4096K), 1 survivors (2048K)
 Metaspace       used 2836K, capacity 4923K, committed 5120K, reserved 1056768K
  class space    used 255K, capacity 447K, committed 512K, reserved 1048576K
}
Event: 138.057 GC heap after
{Heap after GC invocations=2033 (full 0):
 garbage-first heap   total 110592K, used 5438K [0x0000000601400000, 0x0000000800000000)
  region size 2048K, 1 young (2048K), 1 survivors (2048K)
 Metaspace       used 2836K, capacity 4923K, committed 5120K, reserved 1056768K
  class space    used 255K, capacity 447K, committed 512K, reserved 1048576K
}
Event: 138.062 GC heap before
{Heap before GC invocations=2034 (full 0):
 garbage-first heap   total 110592K, used 48446K [0x0000000601400000, 0x0000000800000000)
  region size 2048K, 2 young (4096K), 1 survivors (2048K)
 Metaspace       used 2836K, capacity 4923K, committed 5120K, reserved 1056768K
  class space    used 255K, capacity 447K, committed 512K, reserved 1048576K
}
Event: 138.111 GC heap after
{Heap after GC invocations=2035 (full 0):
 garbage-first heap   total 317440K, used 3390K [0x0000000601400000, 0x0000000800000000)
  region size 2048K, 1 young (2048K), 1 survivors (2048K)
 Metaspace       used 2836K, capacity 4923K, committed 5120K, reserved 1056768K
  class space    used 255K, capacity 447K, committed 512K, reserved 1048576K
}
Event: 138.117 GC heap before
{Heap before GC invocations=2036 (full 0):
 garbage-first heap   total 151552K, used 64830K [0x0000000601400000, 0x0000000800000000)
  region size 2048K, 2 young (4096K), 1 survivors (2048K)
 Metaspace       used 2836K, capacity 4923K, committed 5120K, reserved 1056768K
  class space    used 255K, capacity 447K, committed 512K, reserved 1048576K
}
Event: 138.118 GC heap after
{Heap after GC invocations=2037 (full 0):
 garbage-first heap   total 151552K, used 3390K [0x0000000601400000, 0x0000000800000000)
  region size 2048K, 1 young (2048K), 1 survivors (2048K)
 Metaspace       used 2836K, capacity 4923K, committed 5120K, reserved 1056768K
  class space    used 255K, capacity 447K, committed 512K, reserved 1048576K
}
Event: 138.125 GC heap before
{Heap before GC invocations=2038 (full 0):
 garbage-first heap   total 137216K, used 58686K [0x0000000601400000, 0x0000000800000000)
  region size 2048K, 2 young (4096K), 1 survivors (2048K)
 Metaspace       used 2836K, capacity 4923K, committed 5120K, reserved 1056768K
  class space    used 255K, capacity 447K, committed 512K, reserved 1048576K
}
Event: 138.125 GC heap after
{Heap after GC invocations=2039 (full 0):
 garbage-first heap   total 137216K, used 5438K [0x0000000601400000, 0x0000000800000000)
  region size 2048K, 1 young (2048K), 1 survivors (2048K)
 Metaspace       used 2836K, capacity 4923K, committed 5120K, reserved 1056768K
  class space    used 255K, capacity 447K, committed 512K, reserved 1048576K
}
Event: 138.132 GC heap before
{Heap before GC invocations=2040 (full 0):
 garbage-first heap   total 137216K, used 60734K [0x0000000601400000, 0x0000000800000000)
  region size 2048K, 2 young (4096K), 1 survivors (2048K)
 Metaspace       used 2836K, capacity 4923K, committed 5120K, reserved 1056768K
  class space    used 255K, capacity 447K, committed 512K, reserved 1048576K
}
Event: 138.132 GC heap after
{Heap after GC invocations=2041 (full 0):
 garbage-first heap   total 137216K, used 3390K [0x0000000601400000, 0x0000000800000000)
  region size 2048K, 1 young (2048K), 1 survivors (2048K)
 Metaspace       used 2836K, capacity 4923K, committed 5120K, reserved 1056768K
  class space    used 255K, capacity 447K, committed 512K, reserved 1048576K
}
Event: 138.140 GC heap before
{Heap before GC invocations=2042 (full 0):
 garbage-first heap   total 131072K, used 56638K [0x0000000601400000, 0x0000000800000000)
  region size 2048K, 2 young (4096K), 1 survivors (2048K)
 Metaspace       used 2836K, capacity 4923K, committed 5120K, reserved 1056768K
  class space    used 255K, capacity 447K, committed 512K, reserved 1048576K
}

Deoptimization events (20 events):
Event: 1.765 Thread 0x0000023769bee000 DEOPT PACKING pc=0x00000237007c61f8 sp=0x000000b4d00f83f0
Event: 1.765 Thread 0x0000023769bee000 DEOPT UNPACKING pc=0x000002370004964e sp=0x000000b4d00f78b8 mode 0
Event: 1.765 Thread 0x0000023769bee000 DEOPT PACKING pc=0x00000237007c642d sp=0x000000b4d00f83f0
Event: 1.765 Thread 0x0000023769bee000 DEOPT UNPACKING pc=0x000002370004964e sp=0x000000b4d00f78b8 mode 0
Event: 1.765 Thread 0x0000023769bee000 DEOPT PACKING pc=0x00000237007c642d sp=0x000000b4d00f83f0
Event: 1.765 Thread 0x0000023769bee000 DEOPT UNPACKING pc=0x000002370004964e sp=0x000000b4d00f78b8 mode 0
Event: 1.765 Thread 0x0000023769bee000 DEOPT PACKING pc=0x00000237007c642d sp=0x000000b4d00f83f0
Event: 1.765 Thread 0x0000023769bee000 DEOPT UNPACKING pc=0x000002370004964e sp=0x000000b4d00f78b8 mode 0
Event: 1.765 Thread 0x0000023769bee000 DEOPT PACKING pc=0x00000237007c642d sp=0x000000b4d00f83f0
Event: 1.765 Thread 0x0000023769bee000 DEOPT UNPACKING pc=0x000002370004964e sp=0x000000b4d00f78b8 mode 0
Event: 1.766 Thread 0x0000023769bee000 DEOPT PACKING pc=0x00000237007c61f8 sp=0x000000b4d00f83f0
Event: 1.766 Thread 0x0000023769bee000 DEOPT UNPACKING pc=0x000002370004964e sp=0x000000b4d00f78b8 mode 0
Event: 80.624 Thread 0x0000023769bee000 DEOPT PACKING pc=0x000002370082cb05 sp=0x000000b4d00feea0
Event: 80.624 Thread 0x0000023769bee000 DEOPT UNPACKING pc=0x000002370004964e sp=0x000000b4d00fe4b8 mode 0
Event: 92.776 Thread 0x0000023769bee000 DEOPT PACKING pc=0x000002370082cb05 sp=0x000000b4d00feea0
Event: 92.776 Thread 0x0000023769bee000 DEOPT UNPACKING pc=0x000002370004964e sp=0x000000b4d00fe4b8 mode 0
Event: 106.594 Thread 0x0000023769bee000 DEOPT PACKING pc=0x000002370082cb05 sp=0x000000b4d00feea0
Event: 106.594 Thread 0x0000023769bee000 DEOPT UNPACKING pc=0x000002370004964e sp=0x000000b4d00fe4b8 mode 0
Event: 115.741 Thread 0x0000023769bee000 DEOPT PACKING pc=0x000002370082ba34 sp=0x000000b4d00feea0
Event: 115.741 Thread 0x0000023769bee000 DEOPT UNPACKING pc=0x000002370004964e sp=0x000000b4d00fe3e8 mode 0

Classes unloaded (0 events):
No events

Classes redefined (2 events):
Event: 115.733 Thread 0x0000023718355000 redefined class name=hw4.Router, count=1
Event: 115.733 Thread 0x0000023718355000 redefined class name=hw4.RouterNode, count=1

Internal exceptions (0 events):
No events

Events (20 events):
Event: 138.116 Executing VM operation: G1Concurrent done
Event: 138.117 Executing VM operation: G1CollectForAllocation
Event: 138.118 Executing VM operation: G1CollectForAllocation done
Event: 138.121 Executing VM operation: G1Concurrent
Event: 138.121 Executing VM operation: G1Concurrent done
Event: 138.123 Executing VM operation: G1Concurrent
Event: 138.123 Executing VM operation: G1Concurrent done
Event: 138.125 Executing VM operation: G1CollectForAllocation
Event: 138.125 Executing VM operation: G1CollectForAllocation done
Event: 138.129 Executing VM operation: G1Concurrent
Event: 138.130 Executing VM operation: G1Concurrent done
Event: 138.131 Executing VM operation: G1Concurrent
Event: 138.131 Executing VM operation: G1Concurrent done
Event: 138.132 Executing VM operation: G1CollectForAllocation
Event: 138.132 Executing VM operation: G1CollectForAllocation done
Event: 138.135 Executing VM operation: G1Concurrent
Event: 138.136 Executing VM operation: G1Concurrent done
Event: 138.137 Executing VM operation: G1Concurrent
Event: 138.138 Executing VM operation: G1Concurrent done
Event: 138.140 Executing VM operation: G1CollectForAllocation


Dynamic libraries:
0x00007ff7fc060000 - 0x00007ff7fc06f000 	C:\Program Files\Java\jdk-13.0.2\bin\javaw.exe
0x00007ffac4c40000 - 0x00007ffac4e30000 	C:\WINDOWS\SYSTEM32\ntdll.dll
0x00007ffac4b40000 - 0x00007ffac4bf2000 	C:\WINDOWS\System32\KERNEL32.DLL
0x00007ffac2400000 - 0x00007ffac26a5000 	C:\WINDOWS\System32\KERNELBASE.dll
0x00007ffac2880000 - 0x00007ffac297a000 	C:\WINDOWS\System32\ucrtbase.dll
0x00007ffaac300000 - 0x00007ffaac318000 	C:\Program Files\Java\jdk-13.0.2\bin\jli.dll
0x00007ffac4580000 - 0x00007ffac4623000 	C:\WINDOWS\System32\ADVAPI32.dll
0x00007ffac3fb0000 - 0x00007ffac404e000 	C:\WINDOWS\System32\msvcrt.dll
0x00007ffac44b0000 - 0x00007ffac4547000 	C:\WINDOWS\System32\sechost.dll
0x00007ffac3510000 - 0x00007ffac3630000 	C:\WINDOWS\System32\RPCRT4.dll
0x00007ffac49a0000 - 0x00007ffac4b35000 	C:\WINDOWS\System32\USER32.dll
0x00007ffac26b0000 - 0x00007ffac26d1000 	C:\WINDOWS\System32\win32u.dll
0x00007ffac4550000 - 0x00007ffac4576000 	C:\WINDOWS\System32\GDI32.dll
0x00007ffac26e0000 - 0x00007ffac2876000 	C:\WINDOWS\System32\gdi32full.dll
0x00007ffac2bb0000 - 0x00007ffac2c4e000 	C:\WINDOWS\System32\msvcp_win.dll
0x00007ffaa5740000 - 0x00007ffaa5755000 	C:\Program Files\Java\jdk-13.0.2\bin\VCRUNTIME140.dll
0x00007ffab8030000 - 0x00007ffab82b4000 	C:\WINDOWS\WinSxS\amd64_microsoft.windows.common-controls_6595b64144ccf1df_6.0.18362.1082_none_9e8193e1e45b25c1\COMCTL32.dll
0x00007ffac4660000 - 0x00007ffac4995000 	C:\WINDOWS\System32\combase.dll
0x00007ffac2c70000 - 0x00007ffac2cf0000 	C:\WINDOWS\System32\bcryptPrimitives.dll
0x00007ffabc5f0000 - 0x00007ffabc5fa000 	C:\WINDOWS\SYSTEM32\VERSION.dll
0x00007ffac4630000 - 0x00007ffac465e000 	C:\WINDOWS\System32\IMM32.DLL
0x00007ffa84f20000 - 0x00007ffa84fbb000 	C:\Program Files\Java\jdk-13.0.2\bin\msvcp140.dll
0x00007ffa46180000 - 0x00007ffa46cdd000 	C:\Program Files\Java\jdk-13.0.2\bin\server\jvm.dll
0x00007ffac3630000 - 0x00007ffac3638000 	C:\WINDOWS\System32\PSAPI.DLL
0x00007ffab96d0000 - 0x00007ffab96d9000 	C:\WINDOWS\SYSTEM32\WSOCK32.dll
0x00007ffac3f40000 - 0x00007ffac3faf000 	C:\WINDOWS\System32\WS2_32.dll
0x00007ffabdc20000 - 0x00007ffabdc44000 	C:\WINDOWS\SYSTEM32\WINMM.dll
0x00007ffabdbf0000 - 0x00007ffabdc1d000 	C:\WINDOWS\SYSTEM32\WINMMBASE.dll
0x00007ffac23b0000 - 0x00007ffac23fa000 	C:\WINDOWS\System32\cfgmgr32.dll
0x00007ffac1bb0000 - 0x00007ffac1bc1000 	C:\WINDOWS\System32\kernel.appcore.dll
0x00007ffab96c0000 - 0x00007ffab96d0000 	C:\Program Files\Java\jdk-13.0.2\bin\verify.dll
0x00007ffaab7b0000 - 0x00007ffaab9a4000 	C:\WINDOWS\SYSTEM32\DBGHELP.DLL
0x00007ffaab440000 - 0x00007ffaab46a000 	C:\WINDOWS\SYSTEM32\dbgcore.DLL
0x00007ffaa4a20000 - 0x00007ffaa4a46000 	C:\Program Files\Java\jdk-13.0.2\bin\java.dll
0x00007ffa98d10000 - 0x00007ffa98d48000 	C:\Program Files\Java\jdk-13.0.2\bin\jdwp.dll
0x00007ffabe4a0000 - 0x00007ffabe4ae000 	C:\Program Files\Java\jdk-13.0.2\bin\instrument.dll
0x00007ffaac550000 - 0x00007ffaac567000 	C:\Program Files\Java\jdk-13.0.2\bin\zip.dll
0x00007ffab9680000 - 0x00007ffab968a000 	C:\Program Files\Java\jdk-13.0.2\bin\jimage.dll
0x00007ffac37d0000 - 0x00007ffac3eb7000 	C:\WINDOWS\System32\SHELL32.dll
0x00007ffac2cf0000 - 0x00007ffac2d99000 	C:\WINDOWS\System32\shcore.dll
0x00007ffac1c30000 - 0x00007ffac23b0000 	C:\WINDOWS\System32\windows.storage.dll
0x00007ffac1b30000 - 0x00007ffac1b53000 	C:\WINDOWS\System32\profapi.dll
0x00007ffac1b60000 - 0x00007ffac1baa000 	C:\WINDOWS\System32\powrprof.dll
0x00007ffac1b00000 - 0x00007ffac1b10000 	C:\WINDOWS\System32\UMPDC.dll
0x00007ffac3770000 - 0x00007ffac37c2000 	C:\WINDOWS\System32\shlwapi.dll
0x00007ffac2c50000 - 0x00007ffac2c67000 	C:\WINDOWS\System32\cryptsp.dll
0x00007ffabd220000 - 0x00007ffabd22b000 	C:\Program Files\Java\jdk-13.0.2\bin\dt_socket.dll
0x00007ffac1350000 - 0x00007ffac13b7000 	C:\WINDOWS\system32\mswsock.dll
0x00007ffac10a0000 - 0x00007ffac116b000 	C:\WINDOWS\SYSTEM32\DNSAPI.dll
0x00007ffac4170000 - 0x00007ffac4178000 	C:\WINDOWS\System32\NSI.dll
0x00007ffac1060000 - 0x00007ffac109a000 	C:\WINDOWS\SYSTEM32\IPHLPAPI.DLL
0x00007ffabbac0000 - 0x00007ffabbaca000 	C:\Windows\System32\rasadhlp.dll
0x00007ffabc8e0000 - 0x00007ffabc957000 	C:\WINDOWS\System32\fwpuclnt.dll
0x00007ffac2a30000 - 0x00007ffac2a56000 	C:\WINDOWS\System32\bcrypt.dll
0x00007ffaa56f0000 - 0x00007ffaa5709000 	C:\Program Files\Java\jdk-13.0.2\bin\net.dll
0x00007ffaba250000 - 0x00007ffaba340000 	C:\WINDOWS\SYSTEM32\WINHTTP.dll
0x00007ffaa4ae0000 - 0x00007ffaa4af3000 	C:\Program Files\Java\jdk-13.0.2\bin\nio.dll

dbghelp: loaded successfully - version: 4.0.5 - missing functions: none
symbol engine: initialized successfully - sym options: 0x614 - pdb path: .;C:\Program Files\Java\jdk-13.0.2\bin;C:\WINDOWS\SYSTEM32;C:\WINDOWS\WinSxS\amd64_microsoft.windows.common-controls_6595b64144ccf1df_6.0.18362.1082_none_9e8193e1e45b25c1;C:\Program Files\Java\jdk-13.0.2\bin\server

VM Arguments:
jvm_args: -agentlib:jdwp=transport=dt_socket,suspend=y,address=localhost:58943 -javaagent:C:\Users\eshak\eclipse\java-2019-12\eclipse\configuration\org.eclipse.osgi\618\0\.cp\lib\javaagent-shaded.jar -Dfile.encoding=Cp1252 
java_command: hw4.Router
java_class_path (initial): C:\Users\eshak\eclipse-workspace\CSE214\bin
Launcher Type: SUN_STANDARD

[Global flags]
     intx CICompilerCount                          = 12                                        {product} {ergonomic}
     uint ConcGCThreads                            = 3                                         {product} {ergonomic}
     uint G1ConcRefinementThreads                  = 13                                        {product} {ergonomic}
   size_t G1HeapRegionSize                         = 2097152                                   {product} {ergonomic}
    uintx GCDrainStackTargetSize                   = 64                                        {product} {ergonomic}
   size_t InitialHeapSize                          = 536870912                                 {product} {ergonomic}
   size_t MarkStackSize                            = 4194304                                   {product} {ergonomic}
   size_t MaxHeapSize                              = 8568963072                                {product} {ergonomic}
   size_t MaxNewSize                               = 5140119552                                {product} {ergonomic}
   size_t MinHeapDeltaBytes                        = 2097152                                   {product} {ergonomic}
   size_t MinHeapSize                              = 8388608                                   {product} {ergonomic}
    uintx NonNMethodCodeHeapSize                   = 7602480                                {pd product} {ergonomic}
    uintx NonProfiledCodeHeapSize                  = 122027880                              {pd product} {ergonomic}
    uintx ProfiledCodeHeapSize                     = 122027880                              {pd product} {ergonomic}
    uintx ReservedCodeCacheSize                    = 251658240                              {pd product} {ergonomic}
     bool SegmentedCodeCache                       = true                                      {product} {ergonomic}
   size_t SoftMaxHeapSize                          = 8568963072                             {manageable} {ergonomic}
     bool UseCompressedClassPointers               = true                                 {lp64_product} {ergonomic}
     bool UseCompressedOops                        = true                                 {lp64_product} {ergonomic}
     bool UseG1GC                                  = true                                      {product} {ergonomic}
     bool UseLargePagesIndividualAllocation        = false                                  {pd product} {ergonomic}

Logging:
Log output configuration:
 #0: stdout all=warning uptime,level,tags
 #1: stderr all=off uptime,level,tags

Environment Variables:
PATH=C:/Program Files/Java/jdk-13.0.2/bin/server;C:/Program Files/Java/jdk-13.0.2/bin;C:\Program Files (x86)\Razer\ChromaBroadcast\bin;C:\Program Files\Razer\ChromaBroadcast\bin;C:\Program Files (x86)\Razer Chroma SDK\bin;C:\Program Files\Razer Chroma SDK\bin;C:\Windows\system32;C:\Windows;C:\Windows\System32\Wbem;C:\Windows\System32\WindowsPowerShell\v1.0\;C:\Windows\System32\OpenSSH\;C:\Program Files\NVIDIA Corporation\NVIDIA NvDLISR;C:\Users\eshak\AppData\Local\Microsoft\WindowsApps;C:\Program Files (x86)\NVIDIA Corporation\PhysX\Common;C:\WINDOWS\system32;C:\WINDOWS;C:\WINDOWS\System32\Wbem;C:\WINDOWS\System32\WindowsPowerShell\v1.0\;C:\WINDOWS\System32\OpenSSH\;E:\eshak\Matlab\bin;C:\Program Files\dotnet\;C:\Users\eshak\AppData\Local\Microsoft\WindowsApps;;C:\Program Files\JetBrains\PyCharm Community Edition 2020.1.2\bin;;C:\Users\eshak\.dotnet\tools;C:\Users\eshak\AppData\Local\Programs\Microsoft VS Code\bin;C:\Users\eshak\eclipse\java-2019-12\eclipse;
USERNAME=eshak
OS=Windows_NT
PROCESSOR_IDENTIFIER=AMD64 Family 23 Model 113 Stepping 0, AuthenticAMD



---------------  S Y S T E M  ---------------

OS: Windows 10 , 64 bit Build 18362 (10.0.18362.1082)

CPU:total 16 (initial active 16) (16 cores per cpu, 2 threads per core) family 23 model 113 stepping 0, cmov, cx8, fxsr, mmx, sse, sse2, sse3, ssse3, sse4.1, sse4.2, popcnt, avx, avx2, aes, clmul, mmxext, 3dnowpref, lzcnt, sse4a, ht, tsc, tscinvbit, tscinv, bmi1, bmi2, adx, sha, fma

Memory: 4k page, system-wide physical 32681M (11M free)
TotalPageFile size 62413M (AvailPageFile size 149M)
current process WorkingSet (physical memory assigned to process): 114M, peak: 4502M
current process commit charge ("private bytes"): 287M, peak: 8610M

vm_info: Java HotSpot(TM) 64-Bit Server VM (13.0.2+8) for windows-amd64 JRE (13.0.2+8), built on Dec 11 2019 09:20:33 by "mach5one" with unknown MS VC++:1916

END.
